Using pre-set license
Built from '2021.1/staging' branch; Version is '2021.1.6f1 (c0fade0cc7e9) revision 12647134'; Using compiler version '192528614'; Build Type 'Release'
OS: 'Windows 10 Pro; OS build 18363.1500; Version 1909; 64bit' Language: 'en' Physical Memory: 8087 MB
BatchMode: 1, IsHumanControllingUs: 0, StartBugReporterOnCrash: 0, Is64bit: 1, IsPro: 0

 COMMAND LINE ARGUMENTS:
C:\Program Files\Unity\Hub\Editor\2021.1.6f1\Editor\Unity.exe
-adb2
-batchMode
-noUpm
-name
AssetImportWorker2
-projectPath
C:/UnityProjects/SoundHornVR
-logFile
Logs/AssetImportWorker2.log
-srvPort
55187
Successfully changed project path to: C:/UnityProjects/SoundHornVR
C:/UnityProjects/SoundHornVR
Using Asset Import Pipeline V2.
Refreshing native plugins compatible for Editor in 174.95 ms, found 5 plugins.
Preloading 1 native plugins for Editor in 1.08 ms.
Initialize engine version: 2021.1.6f1 (c0fade0cc7e9)
[Subsystems] Discovering subsystems at path C:/Program Files/Unity/Hub/Editor/2021.1.6f1/Editor/Data/Resources/UnitySubsystems
[Subsystems] Discovering subsystems at path C:/UnityProjects/SoundHornVR/Assets
GfxDevice: creating device client; threaded=0; jobified=0
Direct3D:
    Version:  Direct3D 11.0 [level 11.0]
    Renderer: NVIDIA GeForce GTX 960M (ID=0x139b)
    Vendor:   NVIDIA
    VRAM:     2010 MB
    Driver:   24.21.13.9835
Shader 'Universal Render Pipeline/Particles/Lit': fallback shader 'Universal Render Pipeline/Particles/SimpleLit' not found
Shader 'Oculus/OVRMRCameraFrameLit': fallback shader 'Alpha-Diffuse' not found
Initialize mono
Mono path[0] = 'C:/Program Files/Unity/Hub/Editor/2021.1.6f1/Editor/Data/Managed'
Mono path[1] = 'C:/Program Files/Unity/Hub/Editor/2021.1.6f1/Editor/Data/MonoBleedingEdge/lib/mono/unityjit'
Mono config path = 'C:/Program Files/Unity/Hub/Editor/2021.1.6f1/Editor/Data/MonoBleedingEdge/etc'
Using monoOptions --debugger-agent=transport=dt_socket,embedding=1,server=y,suspend=n,address=127.0.0.1:56724
Begin MonoManager ReloadAssembly
Registering precompiled unity dll's ...
Register platform support module: C:/Program Files/Unity/Hub/Editor/2021.1.6f1/Editor/Data/PlaybackEngines/WindowsStandaloneSupport/UnityEditor.WindowsStandalone.Extensions.dll
Registered in 0.002420 seconds.
Native extension for WindowsStandalone target not found
Refreshing native plugins compatible for Editor in 158.70 ms, found 5 plugins.
Preloading 1 native plugins for Editor in 0.09 ms.
Mono: successfully reloaded assembly
- Completed reload, in  2.217 seconds
Platform modules already initialized, skipping
Registering precompiled user dll's ...
Registered in 0.007431 seconds.
Begin MonoManager ReloadAssembly
Native extension for WindowsStandalone target not found
Refreshing native plugins compatible for Editor in 173.15 ms, found 5 plugins.
Preloading 1 native plugins for Editor in 0.15 ms.
[XR] OculusXRPlugin: registering subsystems
[XR] Unable to register display lifecyle provider: [1]
[XR] Oculus Input lifecycle provider registered.
[XR] Unable to register input lifecyle provider: [1]
[XR] OVRP version 1.60.0
Mono: successfully reloaded assembly
- Completed reload, in  1.770 seconds
Platform modules already initialized, skipping
========================================================================
Worker process is ready to serve import requests
Shader 'Universal Render Pipeline/Particles/Lit': fallback shader 'Universal Render Pipeline/Particles/SimpleLit' not found
Shader 'Oculus/OVRMRCameraFrameLit': fallback shader 'Alpha-Diffuse' not found
Launched and connected shader compiler UnityShaderCompiler.exe after 0.14 seconds
Refreshing native plugins compatible for Editor in 1.23 ms, found 5 plugins.
Preloading 1 native plugins for Editor in 0.09 ms.
Unloading 4597 Unused Serialized files (Serialized files now loaded: 0)
System memory in use before: 183.3 MB.
System memory in use after: 183.6 MB.

Unloading 39 unused Assets to reduce memory usage. Loaded Objects now: 5034.
Total: 3.539700 ms (FindLiveObjects: 0.375800 ms CreateObjectMapping: 0.500500 ms MarkObjects: 2.534400 ms  DeleteObjects: 0.127700 ms)

========================================================================
Received Import Request.
  path: Assets/Oculus/SampleFramework/Core/Locomotion/TeleportDestination.prefab
  artifactKey: Guid(1b474618c4fc5f54e8a8b803c8352c7d) Importer(815301076,1909f56bfc062723c751e8b465ee728b)
Start importing Assets/Oculus/SampleFramework/Core/Locomotion/TeleportDestination.prefab using Guid(1b474618c4fc5f54e8a8b803c8352c7d) Importer(815301076,1909f56bfc062723c751e8b465ee728b)  -> (artifact id: 'eb82b2b1569e58c1138f7884ca792e94') in 0.311683 seconds 
========================================================================
Received Import Request.
  Time since last request: 166.772350 seconds.
  path: Assets/Oculus/SampleFramework/Core/Locomotion/PlayerController.prefab
  artifactKey: Guid(522b89d0f09cc834db5f015f40e578f3) Importer(815301076,1909f56bfc062723c751e8b465ee728b)
Start importing Assets/Oculus/SampleFramework/Core/Locomotion/PlayerController.prefab using Guid(522b89d0f09cc834db5f015f40e578f3) Importer(815301076,1909f56bfc062723c751e8b465ee728b)  -> (artifact id: '9f9f4be7f4be68b601984bbd23fc3447') in 0.145760 seconds 
========================================================================
Received Import Request.
  Time since last request: 293.835033 seconds.
  path: Assets/Oculus/SampleFramework/Core/Locomotion/PlayerController.prefab
  artifactKey: Guid(522b89d0f09cc834db5f015f40e578f3) Importer(815301076,1909f56bfc062723c751e8b465ee728b)
Start importing Assets/Oculus/SampleFramework/Core/Locomotion/PlayerController.prefab using Guid(522b89d0f09cc834db5f015f40e578f3) Importer(815301076,1909f56bfc062723c751e8b465ee728b)  -> (artifact id: 'ef4c5d474999cd9eaa7866bb81b633f1') in 0.062584 seconds 
========================================================================
Received Import Request.
  Time since last request: 3.381802 seconds.
  path: Assets/MainScene.unity
  artifactKey: Guid(cd55efbf05db14743ad3c9ed068532da) Importer(815301076,1909f56bfc062723c751e8b465ee728b)
Start importing Assets/MainScene.unity using Guid(cd55efbf05db14743ad3c9ed068532da) Importer(815301076,1909f56bfc062723c751e8b465ee728b)  -> (artifact id: 'f519267069c44fda50b53a47f19e47c4') in 0.013903 seconds 
========================================================================
Received Prepare
Registering precompiled user dll's ...
Registered in 0.014834 seconds.
Begin MonoManager ReloadAssembly
Native extension for WindowsStandalone target not found
Refreshing native plugins compatible for Editor in 1.62 ms, found 5 plugins.
Preloading 1 native plugins for Editor in 0.12 ms.
Mono: successfully reloaded assembly
- Completed reload, in  1.993 seconds
Platform modules already initialized, skipping
Switching build target platform(19) subTarget(0) extendedPlatform(0) -> platform(13) subTarget(524288) extendedPlatform(0)
Shader 'Universal Render Pipeline/Particles/Lit': fallback shader 'Universal Render Pipeline/Particles/SimpleLit' not found
Shader 'Oculus/OVRMRCameraFrameLit': fallback shader 'Alpha-Diffuse' not found
Refreshing native plugins compatible for Editor in 1.19 ms, found 5 plugins.
Preloading 1 native plugins for Editor in 0.09 ms.
Unloading 4478 Unused Serialized files (Serialized files now loaded: 0)
System memory in use before: 178.6 MB.
System memory in use after: 178.8 MB.

Unloading 34 unused Assets to reduce memory usage. Loaded Objects now: 5083.
Total: 3.653800 ms (FindLiveObjects: 0.377700 ms CreateObjectMapping: 0.324800 ms MarkObjects: 2.872200 ms  DeleteObjects: 0.077600 ms)

AssetImportParameters requested are different than current active one (requested -> active):
  custom:graphics/normal-map-encoding: 01000000000000000000000000000000 -> 02000000000000000000000000000000
========================================================================
Received Prepare
Shader 'Universal Render Pipeline/Particles/Lit': fallback shader 'Universal Render Pipeline/Particles/SimpleLit' not found
Shader 'Oculus/OVRMRCameraFrameLit': fallback shader 'Alpha-Diffuse' not found
Refreshing native plugins compatible for Editor in 12.90 ms, found 5 plugins.
Preloading 1 native plugins for Editor in 0.07 ms.
Unloading 31 Unused Serialized files (Serialized files now loaded: 0)
System memory in use before: 91.2 MB.
System memory in use after: 91.5 MB.

Unloading 31 unused Assets to reduce memory usage. Loaded Objects now: 5083.
Total: 3.289200 ms (FindLiveObjects: 0.410000 ms CreateObjectMapping: 0.314300 ms MarkObjects: 2.536500 ms  DeleteObjects: 0.027500 ms)

========================================================================
Received Prepare
Shader 'Universal Render Pipeline/Particles/Lit': fallback shader 'Universal Render Pipeline/Particles/SimpleLit' not found
Shader 'Oculus/OVRMRCameraFrameLit': fallback shader 'Alpha-Diffuse' not found
Refreshing native plugins compatible for Editor in 11.71 ms, found 5 plugins.
Preloading 1 native plugins for Editor in 0.10 ms.
Unloading 31 Unused Serialized files (Serialized files now loaded: 0)
System memory in use before: 91.2 MB.
System memory in use after: 91.4 MB.

Unloading 31 unused Assets to reduce memory usage. Loaded Objects now: 5083.
Total: 4.678200 ms (FindLiveObjects: 0.384600 ms CreateObjectMapping: 0.397100 ms MarkObjects: 3.830000 ms  DeleteObjects: 0.065200 ms)

========================================================================
Received Import Request.
  Time since last request: 828.516214 seconds.
  path: Assets/Oculus/SampleFramework/Core/Locomotion/Scripts/TeleportInputHandlerTouch.cs
  artifactKey: Guid(c4133858333ed264ebae0d70265b7b6b) Importer(815301076,1909f56bfc062723c751e8b465ee728b)
Start importing Assets/Oculus/SampleFramework/Core/Locomotion/Scripts/TeleportInputHandlerTouch.cs using Guid(c4133858333ed264ebae0d70265b7b6b) Importer(815301076,1909f56bfc062723c751e8b465ee728b)  -> (artifact id: '6457f2dd88fbdf55389f332fb6a955c7') in 0.026766 seconds 
========================================================================
Received Import Request.
  Time since last request: 8.448910 seconds.
  path: Assets/Oculus/SampleFramework/Core/Locomotion/Scripts/TeleportInputHandlerHMD.cs
  artifactKey: Guid(810484434e07d83468e261ce07d92106) Importer(815301076,1909f56bfc062723c751e8b465ee728b)
Start importing Assets/Oculus/SampleFramework/Core/Locomotion/Scripts/TeleportInputHandlerHMD.cs using Guid(810484434e07d83468e261ce07d92106) Importer(815301076,1909f56bfc062723c751e8b465ee728b)  -> (artifact id: '32cc6cbe8ae1dd9ecceec6fd198c2464') in 0.013777 seconds 
========================================================================
Received Import Request.
  Time since last request: 124.552049 seconds.
  path: Assets/Oculus/SampleFramework/Core/Locomotion/Scripts/LocomotionController.cs
  artifactKey: Guid(085d9ec7bb5e55f48b879d93931f553e) Importer(815301076,1909f56bfc062723c751e8b465ee728b)
Start importing Assets/Oculus/SampleFramework/Core/Locomotion/Scripts/LocomotionController.cs using Guid(085d9ec7bb5e55f48b879d93931f553e) Importer(815301076,1909f56bfc062723c751e8b465ee728b)  -> (artifact id: 'cd7303060c8a852445a44b1083061732') in 0.013722 seconds 
========================================================================
Received Import Request.
  Time since last request: 2.721354 seconds.
  path: Assets/Scripts/VR
  artifactKey: Guid(7edc7b5a0dcf2e441b395965823f61c8) Importer(815301076,1909f56bfc062723c751e8b465ee728b)
Start importing Assets/Scripts/VR using Guid(7edc7b5a0dcf2e441b395965823f61c8) Importer(815301076,1909f56bfc062723c751e8b465ee728b)  -> (artifact id: 'a292acb76c5f6220ef46b746f896be0f') in 0.013525 seconds 
========================================================================
Received Import Request.
  Time since last request: 0.849747 seconds.
  path: Assets/Scripts/VR/TeleportInputHandlerTouch.cs
  artifactKey: Guid(7595002b4ae977e4bac3bbad287d5534) Importer(815301076,1909f56bfc062723c751e8b465ee728b)
Start importing Assets/Scripts/VR/TeleportInputHandlerTouch.cs using Guid(7595002b4ae977e4bac3bbad287d5534) Importer(815301076,1909f56bfc062723c751e8b465ee728b)  -> (artifact id: 'b66dafbf5124564f16def1538d96ddc4') in 0.008904 seconds 
========================================================================
Received Import Request.
  Time since last request: 9.747779 seconds.
  path: Assets/Scripts/VR/TeleportInputHandlerTouchKris.cs
  artifactKey: Guid(7595002b4ae977e4bac3bbad287d5534) Importer(815301076,1909f56bfc062723c751e8b465ee728b)
Start importing Assets/Scripts/VR/TeleportInputHandlerTouchKris.cs using Guid(7595002b4ae977e4bac3bbad287d5534) Importer(815301076,1909f56bfc062723c751e8b465ee728b)  -> (artifact id: 'c65c17a810c34e1c496dd545f7fdefc4') in 0.015291 seconds 
========================================================================
Received Prepare
Registering precompiled user dll's ...
Registered in 0.018123 seconds.
Begin MonoManager ReloadAssembly
Native extension for WindowsStandalone target not found
Refreshing native plugins compatible for Editor in 1.60 ms, found 5 plugins.
Preloading 1 native plugins for Editor in 0.11 ms.
Mono: successfully reloaded assembly
- Completed reload, in  1.732 seconds
Platform modules already initialized, skipping
Switching build target platform(19) subTarget(0) extendedPlatform(0) -> platform(13) subTarget(524288) extendedPlatform(0)
Shader 'Universal Render Pipeline/Particles/Lit': fallback shader 'Universal Render Pipeline/Particles/SimpleLit' not found
Shader 'Oculus/OVRMRCameraFrameLit': fallback shader 'Alpha-Diffuse' not found
Refreshing native plugins compatible for Editor in 1.23 ms, found 5 plugins.
Preloading 1 native plugins for Editor in 0.09 ms.
Unloading 4479 Unused Serialized files (Serialized files now loaded: 0)
System memory in use before: 178.6 MB.
System memory in use after: 178.9 MB.

Unloading 34 unused Assets to reduce memory usage. Loaded Objects now: 5088.
Total: 5.144000 ms (FindLiveObjects: 0.360800 ms CreateObjectMapping: 0.495300 ms MarkObjects: 4.194000 ms  DeleteObjects: 0.092700 ms)

AssetImportParameters requested are different than current active one (requested -> active):
  custom:graphics/normal-map-encoding: 01000000000000000000000000000000 -> 02000000000000000000000000000000
========================================================================
Received Import Request.
  Time since last request: 30.857536 seconds.
  path: Assets/Scripts/VR/TeleportInputHandlerTouchKris.cs
  artifactKey: Guid(7595002b4ae977e4bac3bbad287d5534) Importer(815301076,1909f56bfc062723c751e8b465ee728b)
Start importing Assets/Scripts/VR/TeleportInputHandlerTouchKris.cs using Guid(7595002b4ae977e4bac3bbad287d5534) Importer(815301076,1909f56bfc062723c751e8b465ee728b)  -> (artifact id: '84adfcfa0d6f807d0a60cb3982a8d8a4') in 0.011258 seconds 
========================================================================
Received Import Request.
  Time since last request: 47.910205 seconds.
  path: Assets/PlayerLook.cs
  artifactKey: Guid(56ebd8c06726bb4488e98ac7b31a3704) Importer(815301076,1909f56bfc062723c751e8b465ee728b)
Start importing Assets/PlayerLook.cs using Guid(56ebd8c06726bb4488e98ac7b31a3704) Importer(815301076,1909f56bfc062723c751e8b465ee728b)  -> (artifact id: '32545f9a71c9a085b427ffd18e5eb77b') in 0.013241 seconds 
========================================================================
Received Import Request.
  Time since last request: 0.454395 seconds.
  path: Assets/PlayerMove.cs
  artifactKey: Guid(fc636cfe2fd9b51499ce074ceb0407dc) Importer(815301076,1909f56bfc062723c751e8b465ee728b)
Start importing Assets/PlayerMove.cs using Guid(fc636cfe2fd9b51499ce074ceb0407dc) Importer(815301076,1909f56bfc062723c751e8b465ee728b)  -> (artifact id: '7f48bfb19739d0077fbb238b86c65cfb') in 0.013122 seconds 
========================================================================
Received Import Request.
  Time since last request: 0.480469 seconds.
  path: Assets/quit.cs
  artifactKey: Guid(90065cc9e57250c449e8a9d15556eb55) Importer(815301076,1909f56bfc062723c751e8b465ee728b)
Start importing Assets/quit.cs using Guid(90065cc9e57250c449e8a9d15556eb55) Importer(815301076,1909f56bfc062723c751e8b465ee728b)  -> (artifact id: 'fb857b6338f0bb6af5d8d910ad0e5a12') in 0.013025 seconds 
========================================================================
Received Import Request.
  Time since last request: 1.061626 seconds.
  path: Assets/soundBoard.cs
  artifactKey: Guid(924e5c52748fb4147ab0c795cd4a460a) Importer(815301076,1909f56bfc062723c751e8b465ee728b)
Start importing Assets/soundBoard.cs using Guid(924e5c52748fb4147ab0c795cd4a460a) Importer(815301076,1909f56bfc062723c751e8b465ee728b)  -> (artifact id: '3c34a17b9811379468100c71898c3a01') in 0.013529 seconds 
========================================================================
Received Import Request.
  Time since last request: 511.918477 seconds.
  path: Assets/Oculus/SampleFramework/Core/Locomotion/TeleportDestination.prefab
  artifactKey: Guid(1b474618c4fc5f54e8a8b803c8352c7d) Importer(815301076,1909f56bfc062723c751e8b465ee728b)
Start importing Assets/Oculus/SampleFramework/Core/Locomotion/TeleportDestination.prefab using Guid(1b474618c4fc5f54e8a8b803c8352c7d) Importer(815301076,1909f56bfc062723c751e8b465ee728b)  -> (artifact id: '6a6193a825a77de6b5b9228098f3615d') in 0.852017 seconds 
========================================================================
Received Import Request.
  Time since last request: 0.567996 seconds.
  path: Assets/Oculus/SampleFramework/Core/Locomotion/TeleportDestination 1.prefab
  artifactKey: Guid(430e18b60f187964eb46f118c1e08a83) Importer(815301076,1909f56bfc062723c751e8b465ee728b)
Start importing Assets/Oculus/SampleFramework/Core/Locomotion/TeleportDestination 1.prefab using Guid(430e18b60f187964eb46f118c1e08a83) Importer(815301076,1909f56bfc062723c751e8b465ee728b)  -> (artifact id: '718d85f8ffd2cc711324ca7d5dcdb956') in 0.032265 seconds 
========================================================================
Received Import Request.
  Time since last request: 13.727412 seconds.
  path: Assets/Oculus/SampleFramework/Core/Locomotion/TeleportDestinationSmall.prefab
  artifactKey: Guid(430e18b60f187964eb46f118c1e08a83) Importer(815301076,1909f56bfc062723c751e8b465ee728b)
Start importing Assets/Oculus/SampleFramework/Core/Locomotion/TeleportDestinationSmall.prefab using Guid(430e18b60f187964eb46f118c1e08a83) Importer(815301076,1909f56bfc062723c751e8b465ee728b)  -> (artifact id: '65abf23d2cfcea4d4203e2d639aa8d88') in 0.028268 seconds 
========================================================================
Received Prepare
Registering precompiled user dll's ...
Registered in 0.008374 seconds.
Begin MonoManager ReloadAssembly
Native extension for WindowsStandalone target not found
Refreshing native plugins compatible for Editor in 1.19 ms, found 5 plugins.
Preloading 1 native plugins for Editor in 0.10 ms.
Mono: successfully reloaded assembly
- Completed reload, in  1.453 seconds
Platform modules already initialized, skipping
Switching build target platform(19) subTarget(0) extendedPlatform(0) -> platform(13) subTarget(524288) extendedPlatform(0)
Shader 'Universal Render Pipeline/Particles/Lit': fallback shader 'Universal Render Pipeline/Particles/SimpleLit' not found
Shader 'Oculus/OVRMRCameraFrameLit': fallback shader 'Alpha-Diffuse' not found
Refreshing native plugins compatible for Editor in 1.25 ms, found 5 plugins.
Preloading 1 native plugins for Editor in 0.09 ms.
Unloading 4479 Unused Serialized files (Serialized files now loaded: 0)
System memory in use before: 178.8 MB.
System memory in use after: 179.1 MB.

Unloading 34 unused Assets to reduce memory usage. Loaded Objects now: 5128.
Total: 3.640200 ms (FindLiveObjects: 0.355600 ms CreateObjectMapping: 0.263100 ms MarkObjects: 2.942400 ms  DeleteObjects: 0.059700 ms)

AssetImportParameters requested are different than current active one (requested -> active):
  custom:graphics/normal-map-encoding: 01000000000000000000000000000000 -> 02000000000000000000000000000000
========================================================================
Received Import Request.
  Time since last request: 53.012662 seconds.
  path: Assets/PapFigurer
  artifactKey: Guid(1f0e2b4ce7572024dbbc7953ee1b9ea4) Importer(815301076,1909f56bfc062723c751e8b465ee728b)
Start importing Assets/PapFigurer using Guid(1f0e2b4ce7572024dbbc7953ee1b9ea4) Importer(815301076,1909f56bfc062723c751e8b465ee728b)  -> (artifact id: '432e3189438c0eb277510ff0d8ded5f2') in 0.020152 seconds 
========================================================================
Received Import Request.
  Time since last request: 3.218738 seconds.
  path: Assets/PapFigurer/Materials
  artifactKey: Guid(a8c60e506f98c5046a8561cd9b9db3e3) Importer(815301076,1909f56bfc062723c751e8b465ee728b)
Start importing Assets/PapFigurer/Materials using Guid(a8c60e506f98c5046a8561cd9b9db3e3) Importer(815301076,1909f56bfc062723c751e8b465ee728b)  -> (artifact id: '844718e0c398d6c674b106cd8bee8245') in 0.014010 seconds 
========================================================================
Received Import Request.
  Time since last request: 3.862160 seconds.
  path: Assets/PapFigurer/Textures
  artifactKey: Guid(6a7d9c784668d844daa718157f35551d) Importer(815301076,1909f56bfc062723c751e8b465ee728b)
Start importing Assets/PapFigurer/Textures using Guid(6a7d9c784668d844daa718157f35551d) Importer(815301076,1909f56bfc062723c751e8b465ee728b)  -> (artifact id: '21f71a54eab798c4edeca465fd8d1cfa') in 0.016240 seconds 
========================================================================
Received Import Request.
  Time since last request: 1.782627 seconds.
  path: Assets/PapFigurer/Textures/Baggrunde
  artifactKey: Guid(f60590ba97c48934c9299226baa4ccc6) Importer(815301076,1909f56bfc062723c751e8b465ee728b)
Start importing Assets/PapFigurer/Textures/Baggrunde using Guid(f60590ba97c48934c9299226baa4ccc6) Importer(815301076,1909f56bfc062723c751e8b465ee728b)  -> (artifact id: '4f65cfdf15eda9df10a3b01fb82ee66c') in 0.012001 seconds 
========================================================================
Received Import Request.
  Time since last request: 1.177833 seconds.
  path: Assets/PapFigurer/Textures/Baggrunde/Materials
  artifactKey: Guid(fd63e132ce83b8749b77cf37d13c6da3) Importer(815301076,1909f56bfc062723c751e8b465ee728b)
Start importing Assets/PapFigurer/Textures/Baggrunde/Materials using Guid(fd63e132ce83b8749b77cf37d13c6da3) Importer(815301076,1909f56bfc062723c751e8b465ee728b)  -> (artifact id: '834f4c487c851d218a114e632df74e20') in 0.010922 seconds 
========================================================================
Received Import Request.
  Time since last request: 0.550522 seconds.
  path: Assets/PapFigurer/Textures/Baggrunde/Asset 1.png
  artifactKey: Guid(711ed5b862595104da544e55a70acd05) Importer(815301076,1909f56bfc062723c751e8b465ee728b)
Start importing Assets/PapFigurer/Textures/Baggrunde/Asset 1.png using Guid(711ed5b862595104da544e55a70acd05) Importer(815301076,1909f56bfc062723c751e8b465ee728b)  -> (artifact id: 'fca9e3f6f8097adb41f1d5140c33e5e3') in 0.139959 seconds 
========================================================================
Received Import Request.
  Time since last request: 0.635568 seconds.
  path: Assets/PapFigurer/Textures/Baggrunde/Asset 2@4x.png
  artifactKey: Guid(bcdac7f99fcd9184e8f78e828ec3e515) Importer(815301076,1909f56bfc062723c751e8b465ee728b)
Start importing Assets/PapFigurer/Textures/Baggrunde/Asset 2@4x.png using Guid(bcdac7f99fcd9184e8f78e828ec3e515) Importer(815301076,1909f56bfc062723c751e8b465ee728b)  -> (artifact id: '7d18f73c19a492699d6f99f54fd5d7d6') in 0.047129 seconds 
========================================================================
Received Import Request.
  Time since last request: 0.269410 seconds.
  path: Assets/PapFigurer/Textures/Baggrunde/Asset 3@4x.png
  artifactKey: Guid(dee996819691be644934e68d53d0d4f7) Importer(815301076,1909f56bfc062723c751e8b465ee728b)
Start importing Assets/PapFigurer/Textures/Baggrunde/Asset 3@4x.png using Guid(dee996819691be644934e68d53d0d4f7) Importer(815301076,1909f56bfc062723c751e8b465ee728b)  -> (artifact id: '49e22f1a78399eee6c6771c175101844') in 0.036450 seconds 
========================================================================
Received Import Request.
  Time since last request: 0.116880 seconds.
  path: Assets/PapFigurer/Textures/Baggrunde/Gulv.png
  artifactKey: Guid(b16067f03165a9d409a3d3b051ecb097) Importer(815301076,1909f56bfc062723c751e8b465ee728b)
Start importing Assets/PapFigurer/Textures/Baggrunde/Gulv.png using Guid(b16067f03165a9d409a3d3b051ecb097) Importer(815301076,1909f56bfc062723c751e8b465ee728b)  -> (artifact id: 'f96363748101b0222f8de8afcf16af57') in 0.081080 seconds 
========================================================================
Received Import Request.
  Time since last request: 0.374047 seconds.
  path: Assets/PapFigurer/Textures/Baggrunde/Skov_bg_1.png
  artifactKey: Guid(b33ea231672d60b4486569c9706a0b45) Importer(815301076,1909f56bfc062723c751e8b465ee728b)
Start importing Assets/PapFigurer/Textures/Baggrunde/Skov_bg_1.png using Guid(b33ea231672d60b4486569c9706a0b45) Importer(815301076,1909f56bfc062723c751e8b465ee728b)  -> (artifact id: '401d5be58b2ab1a48b733f1d331d1992') in 0.051859 seconds 
========================================================================
Received Import Request.
  Time since last request: 0.288998 seconds.
  path: Assets/PapFigurer/Textures/Baggrunde/Skov_bg_2.png
  artifactKey: Guid(91377e2a2254215419e4c694ecbb13db) Importer(815301076,1909f56bfc062723c751e8b465ee728b)
Start importing Assets/PapFigurer/Textures/Baggrunde/Skov_bg_2.png using Guid(91377e2a2254215419e4c694ecbb13db) Importer(815301076,1909f56bfc062723c751e8b465ee728b)  -> (artifact id: '39497922fb21a0862ed0f2f97c9c702a') in 0.049662 seconds 
========================================================================
Received Import Request.
  Time since last request: 0.243459 seconds.
  path: Assets/PapFigurer/Textures/Baggrunde/Skov_bund.png
  artifactKey: Guid(88771e87b717fdf47b3a39baef5f222e) Importer(815301076,1909f56bfc062723c751e8b465ee728b)
Start importing Assets/PapFigurer/Textures/Baggrunde/Skov_bund.png using Guid(88771e87b717fdf47b3a39baef5f222e) Importer(815301076,1909f56bfc062723c751e8b465ee728b)  -> (artifact id: 'a6b7b42f8bd7d0599d07de440f90e7d1') in 0.052469 seconds 
========================================================================
Received Import Request.
  Time since last request: 0.243757 seconds.
  path: Assets/PapFigurer/Textures/Baggrunde/Skov_loft.png
  artifactKey: Guid(30cda62981c2fac419140ec307f82cf8) Importer(815301076,1909f56bfc062723c751e8b465ee728b)
Start importing Assets/PapFigurer/Textures/Baggrunde/Skov_loft.png using Guid(30cda62981c2fac419140ec307f82cf8) Importer(815301076,1909f56bfc062723c751e8b465ee728b)  -> (artifact id: '9ab934b9ff92002910a06b420a71d98e') in 0.048803 seconds 
========================================================================
Received Import Request.
  Time since last request: 0.241441 seconds.
  path: Assets/PapFigurer/Textures/Baggrunde/Wall_1.png
  artifactKey: Guid(2c3af9c44065a694ebc7a7e5a1ea879b) Importer(815301076,1909f56bfc062723c751e8b465ee728b)
Start importing Assets/PapFigurer/Textures/Baggrunde/Wall_1.png using Guid(2c3af9c44065a694ebc7a7e5a1ea879b) Importer(815301076,1909f56bfc062723c751e8b465ee728b)  -> (artifact id: '632c71ffc63fbb2d653753cf002236a3') in 0.049451 seconds 
========================================================================
Received Import Request.
  Time since last request: 0.558518 seconds.
  path: Assets/PapFigurer/Textures/Bed.png
  artifactKey: Guid(be0f286ab9fb06b48b33ffff4020a15d) Importer(815301076,1909f56bfc062723c751e8b465ee728b)
Start importing Assets/PapFigurer/Textures/Bed.png using Guid(be0f286ab9fb06b48b33ffff4020a15d) Importer(815301076,1909f56bfc062723c751e8b465ee728b)  -> (artifact id: '9fb0aa504706025c62b37d5a2c97fb28') in 0.081244 seconds 
========================================================================
Received Import Request.
  Time since last request: 0.193589 seconds.
  path: Assets/PapFigurer/Textures/BlenderMute.png
  artifactKey: Guid(b99e7e15146de9746b785e1a46aba88e) Importer(815301076,1909f56bfc062723c751e8b465ee728b)
Start importing Assets/PapFigurer/Textures/BlenderMute.png using Guid(b99e7e15146de9746b785e1a46aba88e) Importer(815301076,1909f56bfc062723c751e8b465ee728b)  -> (artifact id: 'ed06d57b77ba61db8760a4e6605b90d2') in 0.064013 seconds 
========================================================================
Received Import Request.
  Time since last request: 0.253084 seconds.
  path: Assets/PapFigurer/Textures/cardboxSide.png
  artifactKey: Guid(8e9bebaca5d9a3c44b82a35d31db534f) Importer(815301076,1909f56bfc062723c751e8b465ee728b)
Start importing Assets/PapFigurer/Textures/cardboxSide.png using Guid(8e9bebaca5d9a3c44b82a35d31db534f) Importer(815301076,1909f56bfc062723c751e8b465ee728b)  -> (artifact id: '7a4ac8de48462164d4fb2447eae32cb0') in 0.022654 seconds 
========================================================================
Received Import Request.
  Time since last request: 0.321792 seconds.
  path: Assets/PapFigurer/Textures/CatMute.png
  artifactKey: Guid(55203a5e58cefef44810e5791a3ea48d) Importer(815301076,1909f56bfc062723c751e8b465ee728b)
Start importing Assets/PapFigurer/Textures/CatMute.png using Guid(55203a5e58cefef44810e5791a3ea48d) Importer(815301076,1909f56bfc062723c751e8b465ee728b)  -> (artifact id: '9d2e8109b74b966a8a8e278e22fad987') in 0.052775 seconds 
========================================================================
Received Import Request.
  Time since last request: 0.283546 seconds.
  path: Assets/PapFigurer/Textures/CatSound.png
  artifactKey: Guid(e131c3a8757d5b84b9acc582f928db4c) Importer(815301076,1909f56bfc062723c751e8b465ee728b)
Start importing Assets/PapFigurer/Textures/CatSound.png using Guid(e131c3a8757d5b84b9acc582f928db4c) Importer(815301076,1909f56bfc062723c751e8b465ee728b)  -> (artifact id: 'be29c6b626c1c5cee12db3881c4f830c') in 0.055081 seconds 
========================================================================
Received Import Request.
  Time since last request: 0.291620 seconds.
  path: Assets/PapFigurer/Textures/ChainsawMute.png
  artifactKey: Guid(52399ec3201f58e48af604112455e8fe) Importer(815301076,1909f56bfc062723c751e8b465ee728b)
Start importing Assets/PapFigurer/Textures/ChainsawMute.png using Guid(52399ec3201f58e48af604112455e8fe) Importer(815301076,1909f56bfc062723c751e8b465ee728b)  -> (artifact id: 'bf601ce1ac6440366269dcbca3b7629b') in 0.060269 seconds 
========================================================================
Received Import Request.
  Time since last request: 0.214574 seconds.
  path: Assets/PapFigurer/Textures/ChainsawSound.png
  artifactKey: Guid(b31e6e83795daf948ba7cb2e8d7f2095) Importer(815301076,1909f56bfc062723c751e8b465ee728b)
Start importing Assets/PapFigurer/Textures/ChainsawSound.png using Guid(b31e6e83795daf948ba7cb2e8d7f2095) Importer(815301076,1909f56bfc062723c751e8b465ee728b)  -> (artifact id: 'e03ae17ab23881586bf80024906b47e0') in 0.069566 seconds 
========================================================================
Received Import Request.
  Time since last request: 0.075436 seconds.
  path: Assets/PapFigurer/Textures/ChairMute.png
  artifactKey: Guid(807c4e8e08759e747ba8e01e49e743df) Importer(815301076,1909f56bfc062723c751e8b465ee728b)
Start importing Assets/PapFigurer/Textures/ChairMute.png using Guid(807c4e8e08759e747ba8e01e49e743df) Importer(815301076,1909f56bfc062723c751e8b465ee728b)  -> (artifact id: '4428f2cfbb16d4d8fa3b750ccddc71b6') in 0.060155 seconds 
========================================================================
Received Import Request.
  Time since last request: 0.156461 seconds.
  path: Assets/PapFigurer/Textures/ClockMute.png
  artifactKey: Guid(09d20a3be5e69d34fb7e9e1a787b6516) Importer(815301076,1909f56bfc062723c751e8b465ee728b)
Start importing Assets/PapFigurer/Textures/ClockMute.png using Guid(09d20a3be5e69d34fb7e9e1a787b6516) Importer(815301076,1909f56bfc062723c751e8b465ee728b)  -> (artifact id: '3422ce87d4620f3f2137f5b1520bb486') in 0.059711 seconds 
========================================================================
Received Import Request.
  Time since last request: 0.248533 seconds.
  path: Assets/PapFigurer/Textures/ClockSound.png
  artifactKey: Guid(4df3ea57278eb2942950ce9443f0abac) Importer(815301076,1909f56bfc062723c751e8b465ee728b)
Start importing Assets/PapFigurer/Textures/ClockSound.png using Guid(4df3ea57278eb2942950ce9443f0abac) Importer(815301076,1909f56bfc062723c751e8b465ee728b)  -> (artifact id: '11b7081b7a8d6dc6cd1957db6e6a007b') in 0.051647 seconds 
========================================================================
Received Import Request.
  Time since last request: 0.148815 seconds.
  path: Assets/PapFigurer/Textures/dogMute.fbx
  artifactKey: Guid(3b64e7c80121ee24996b68548906e4de) Importer(815301076,1909f56bfc062723c751e8b465ee728b)
Start importing Assets/PapFigurer/Textures/dogMute.fbx using Guid(3b64e7c80121ee24996b68548906e4de) Importer(815301076,1909f56bfc062723c751e8b465ee728b)  -> (artifact id: 'fc3b21b7e0058cd9660b67d59c16d379') in 1.131797 seconds 
========================================================================
Received Import Request.
  Time since last request: 0.000385 seconds.
  path: Assets/PapFigurer/Textures/DogMutepap.png
  artifactKey: Guid(01c7107d3d5ef8348b0ffe96548f3a36) Importer(815301076,1909f56bfc062723c751e8b465ee728b)
Start importing Assets/PapFigurer/Textures/DogMutepap.png using Guid(01c7107d3d5ef8348b0ffe96548f3a36) Importer(815301076,1909f56bfc062723c751e8b465ee728b)  -> (artifact id: '442d2e5c546899ae4fa63b9121e16c4f') in 0.046041 seconds 
========================================================================
Received Import Request.
  Time since last request: 0.000360 seconds.
  path: Assets/PapFigurer/Textures/DogMute.png
  artifactKey: Guid(6b15374ac8520ee43a23932da49102fa) Importer(815301076,1909f56bfc062723c751e8b465ee728b)
Start importing Assets/PapFigurer/Textures/DogMute.png using Guid(6b15374ac8520ee43a23932da49102fa) Importer(815301076,1909f56bfc062723c751e8b465ee728b)  -> (artifact id: 'ae95d997b859d19cd1f15e2f8cd6002b') in 0.059461 seconds 
========================================================================
Received Import Request.
  Time since last request: 0.328284 seconds.
  path: Assets/PapFigurer/Textures/dogSound.fbx
  artifactKey: Guid(79b860e73b1f1ad4e9777ef9879e77fe) Importer(815301076,1909f56bfc062723c751e8b465ee728b)
Start importing Assets/PapFigurer/Textures/dogSound.fbx using Guid(79b860e73b1f1ad4e9777ef9879e77fe) Importer(815301076,1909f56bfc062723c751e8b465ee728b)  -> (artifact id: '85c97057f6fe0a736b457337f7a970f1') in 0.108730 seconds 
========================================================================
Received Import Request.
  Time since last request: 0.332938 seconds.
  path: Assets/PapFigurer/Textures/DogSound.png
  artifactKey: Guid(576abb0c21d8f334a8a0e9b8b51d66aa) Importer(815301076,1909f56bfc062723c751e8b465ee728b)
Start importing Assets/PapFigurer/Textures/DogSound.png using Guid(576abb0c21d8f334a8a0e9b8b51d66aa) Importer(815301076,1909f56bfc062723c751e8b465ee728b)  -> (artifact id: 'bf2075d9c2a7200227d58fdb69c976bf') in 0.056247 seconds 
========================================================================
Received Import Request.
  Time since last request: 0.217787 seconds.
  path: Assets/PapFigurer/Textures/Door.png
  artifactKey: Guid(90716946b2744504ab787d1b1eb63d7d) Importer(815301076,1909f56bfc062723c751e8b465ee728b)
Start importing Assets/PapFigurer/Textures/Door.png using Guid(90716946b2744504ab787d1b1eb63d7d) Importer(815301076,1909f56bfc062723c751e8b465ee728b)  -> (artifact id: '8272b52128fccce19edfc92c1aef2f1d') in 0.053496 seconds 
========================================================================
Received Import Request.
  Time since last request: 0.397201 seconds.
  path: Assets/PapFigurer/Textures/Door_frame.png
  artifactKey: Guid(d1502d3deb35b964d886fd9160bee3be) Importer(815301076,1909f56bfc062723c751e8b465ee728b)
Start importing Assets/PapFigurer/Textures/Door_frame.png using Guid(d1502d3deb35b964d886fd9160bee3be) Importer(815301076,1909f56bfc062723c751e8b465ee728b)  -> (artifact id: 'b4cc0ecad7b67f0f8f19fdfd53f4c6c9') in 0.061653 seconds 
========================================================================
Received Import Request.
  Time since last request: 0.280211 seconds.
  path: Assets/PapFigurer/Textures/FridgeMute.png
  artifactKey: Guid(e2d785aa500b104499bb2ec2e7648f3e) Importer(815301076,1909f56bfc062723c751e8b465ee728b)
Start importing Assets/PapFigurer/Textures/FridgeMute.png using Guid(e2d785aa500b104499bb2ec2e7648f3e) Importer(815301076,1909f56bfc062723c751e8b465ee728b)  -> (artifact id: 'bf7a9f3c801ed48b4ed0971e496b9f70') in 0.059387 seconds 
========================================================================
Received Import Request.
  Time since last request: 0.413858 seconds.
  path: Assets/PapFigurer/Textures/FridgeSound.png
  artifactKey: Guid(421269c0b006b7d4daa1806e7d56a252) Importer(815301076,1909f56bfc062723c751e8b465ee728b)
Start importing Assets/PapFigurer/Textures/FridgeSound.png using Guid(421269c0b006b7d4daa1806e7d56a252) Importer(815301076,1909f56bfc062723c751e8b465ee728b)  -> (artifact id: 'c144f0ec59689b51380c6f8f48b21033') in 0.058589 seconds 
========================================================================
Received Import Request.
  Time since last request: 1.998574 seconds.
  path: Assets/PapFigurer/Textures/FrogMute.png
  artifactKey: Guid(9bcc1704072f8904ead87c52d94637f6) Importer(815301076,1909f56bfc062723c751e8b465ee728b)
Start importing Assets/PapFigurer/Textures/FrogMute.png using Guid(9bcc1704072f8904ead87c52d94637f6) Importer(815301076,1909f56bfc062723c751e8b465ee728b)  -> (artifact id: 'd18b1efc85ae832608790d9e1f1c618f') in 0.062473 seconds 
========================================================================
Received Import Request.
  Time since last request: 0.150934 seconds.
  path: Assets/PapFigurer/Textures/FrogSound.png
  artifactKey: Guid(a7b879d817e150b47b3aa792c0fc23b7) Importer(815301076,1909f56bfc062723c751e8b465ee728b)
Start importing Assets/PapFigurer/Textures/FrogSound.png using Guid(a7b879d817e150b47b3aa792c0fc23b7) Importer(815301076,1909f56bfc062723c751e8b465ee728b)  -> (artifact id: '10f7b6a0f46aceb3d4a917544974585a') in 0.054224 seconds 
========================================================================
Received Import Request.
  Time since last request: 0.059458 seconds.
  path: Assets/PapFigurer/Textures/Horn_solo.png
  artifactKey: Guid(761c064d2ce437e4fac7738ee471e6e3) Importer(815301076,1909f56bfc062723c751e8b465ee728b)
Start importing Assets/PapFigurer/Textures/Horn_solo.png using Guid(761c064d2ce437e4fac7738ee471e6e3) Importer(815301076,1909f56bfc062723c751e8b465ee728b)  -> (artifact id: '6d81ebb8e39e4857e1a4dfbcb9447e99') in 0.060470 seconds 
========================================================================
Received Import Request.
  Time since last request: 0.087463 seconds.
  path: Assets/PapFigurer/Textures/KitchenMute.png
  artifactKey: Guid(ed9bc1a311f962643a375fc42df72b67) Importer(815301076,1909f56bfc062723c751e8b465ee728b)
Start importing Assets/PapFigurer/Textures/KitchenMute.png using Guid(ed9bc1a311f962643a375fc42df72b67) Importer(815301076,1909f56bfc062723c751e8b465ee728b)  -> (artifact id: '04fd424d93c9346902024479a1ecea10') in 0.061046 seconds 
========================================================================
Received Import Request.
  Time since last request: 0.085516 seconds.
  path: Assets/PapFigurer/Textures/NormalMappet.png
  artifactKey: Guid(d539b3dd74026c147a28156be396958d) Importer(815301076,1909f56bfc062723c751e8b465ee728b)
Start importing Assets/PapFigurer/Textures/NormalMappet.png using Guid(d539b3dd74026c147a28156be396958d) Importer(815301076,1909f56bfc062723c751e8b465ee728b)  -> (artifact id: '89e6e88d4a957cd695082812b57bf8f0') in 0.046784 seconds 
========================================================================
Received Import Request.
  Time since last request: 0.110192 seconds.
  path: Assets/PapFigurer/Textures/OwlMute.png
  artifactKey: Guid(116b94a0fa37c5d4cbe699d750cee335) Importer(815301076,1909f56bfc062723c751e8b465ee728b)
Start importing Assets/PapFigurer/Textures/OwlMute.png using Guid(116b94a0fa37c5d4cbe699d750cee335) Importer(815301076,1909f56bfc062723c751e8b465ee728b)  -> (artifact id: '971c63f7fe99e7edee01b218036d711e') in 0.054482 seconds 
========================================================================
Received Import Request.
  Time since last request: 0.300626 seconds.
  path: Assets/PapFigurer/Textures/OwlSound.png
  artifactKey: Guid(229eb73cd1ceeb0438f89cf147ef156f) Importer(815301076,1909f56bfc062723c751e8b465ee728b)
Start importing Assets/PapFigurer/Textures/OwlSound.png using Guid(229eb73cd1ceeb0438f89cf147ef156f) Importer(815301076,1909f56bfc062723c751e8b465ee728b)  -> (artifact id: 'b8a6597597c64b4fc523f7494d536edf') in 0.055974 seconds 
========================================================================
Received Import Request.
  Time since last request: 0.122100 seconds.
  path: Assets/PapFigurer/Textures/pap normalmap.png
  artifactKey: Guid(0cab50dce8cc99c4a992277f75d44cd5) Importer(815301076,1909f56bfc062723c751e8b465ee728b)
Start importing Assets/PapFigurer/Textures/pap normalmap.png using Guid(0cab50dce8cc99c4a992277f75d44cd5) Importer(815301076,1909f56bfc062723c751e8b465ee728b)  -> (artifact id: '2247266f9f4d6a05dacde0c92c7eb1d0') in 0.026375 seconds 
========================================================================
Received Import Request.
  Time since last request: 0.238991 seconds.
  path: Assets/PapFigurer/Textures/PhoneMute.png
  artifactKey: Guid(bc15e528b6fcb204998c0afa8c04609a) Importer(815301076,1909f56bfc062723c751e8b465ee728b)
Start importing Assets/PapFigurer/Textures/PhoneMute.png using Guid(bc15e528b6fcb204998c0afa8c04609a) Importer(815301076,1909f56bfc062723c751e8b465ee728b)  -> (artifact id: 'c02899a0fbf0f6f062ecac907fa74a2d') in 0.055737 seconds 
========================================================================
Received Import Request.
  Time since last request: 0.100755 seconds.
  path: Assets/PapFigurer/Textures/PhoneSound.png
  artifactKey: Guid(a3bb25ad4d820a14f833258739647b47) Importer(815301076,1909f56bfc062723c751e8b465ee728b)
Start importing Assets/PapFigurer/Textures/PhoneSound.png using Guid(a3bb25ad4d820a14f833258739647b47) Importer(815301076,1909f56bfc062723c751e8b465ee728b)  -> (artifact id: '7d6564886325121d86c0888a06a25112') in 0.056333 seconds 
========================================================================
Received Import Request.
  Time since last request: 0.181677 seconds.
  path: Assets/PapFigurer/Textures/Shack.png
  artifactKey: Guid(21c11d7f1bca0554d9a0207ef61c62c1) Importer(815301076,1909f56bfc062723c751e8b465ee728b)
Start importing Assets/PapFigurer/Textures/Shack.png using Guid(21c11d7f1bca0554d9a0207ef61c62c1) Importer(815301076,1909f56bfc062723c751e8b465ee728b)  -> (artifact id: '94bd65f901b2a0c9867fe6069e5bed62') in 0.061153 seconds 
========================================================================
Received Import Request.
  Time since last request: 0.252310 seconds.
  path: Assets/PapFigurer/Textures/Skov_bg_2.png
  artifactKey: Guid(89a23328fe5ae334cbe4a49e7337e1b9) Importer(815301076,1909f56bfc062723c751e8b465ee728b)
Start importing Assets/PapFigurer/Textures/Skov_bg_2.png using Guid(89a23328fe5ae334cbe4a49e7337e1b9) Importer(815301076,1909f56bfc062723c751e8b465ee728b)  -> (artifact id: '42e18d63ff58bf7a92a837afc32ca566') in 0.058371 seconds 
========================================================================
Received Import Request.
  Time since last request: 0.248725 seconds.
  path: Assets/PapFigurer/Textures/spriteA.png
  artifactKey: Guid(b62eca3abdd760048b28572aaea3a4f1) Importer(815301076,1909f56bfc062723c751e8b465ee728b)
Start importing Assets/PapFigurer/Textures/spriteA.png using Guid(b62eca3abdd760048b28572aaea3a4f1) Importer(815301076,1909f56bfc062723c751e8b465ee728b)  -> (artifact id: '699345c90e8b53909d523fdef5e67f14') in 0.029091 seconds 
========================================================================
Received Import Request.
  Time since last request: 0.259724 seconds.
  path: Assets/PapFigurer/Textures/spriteB.png
  artifactKey: Guid(7d788f79aa9211342a44bc63441fe8a3) Importer(815301076,1909f56bfc062723c751e8b465ee728b)
Start importing Assets/PapFigurer/Textures/spriteB.png using Guid(7d788f79aa9211342a44bc63441fe8a3) Importer(815301076,1909f56bfc062723c751e8b465ee728b)  -> (artifact id: '3fb169a8c9fc9d589593e092152a287c') in 0.027156 seconds 
========================================================================
Received Import Request.
  Time since last request: 0.261034 seconds.
  path: Assets/PapFigurer/Textures/Table.png
  artifactKey: Guid(07516b8b2eec3d644a721a420c38a4fc) Importer(815301076,1909f56bfc062723c751e8b465ee728b)
Start importing Assets/PapFigurer/Textures/Table.png using Guid(07516b8b2eec3d644a721a420c38a4fc) Importer(815301076,1909f56bfc062723c751e8b465ee728b)  -> (artifact id: 'c7cecc93dda5e9e874ea5c89212908c5') in 0.062355 seconds 
========================================================================
Received Import Request.
  Time since last request: 0.207902 seconds.
  path: Assets/PapFigurer/Textures/The_end.png
  artifactKey: Guid(70ee3e53efab97c479a55cdbde4137a6) Importer(815301076,1909f56bfc062723c751e8b465ee728b)
Start importing Assets/PapFigurer/Textures/The_end.png using Guid(70ee3e53efab97c479a55cdbde4137a6) Importer(815301076,1909f56bfc062723c751e8b465ee728b)  -> (artifact id: '8c72143e626229d8d69ff774dead99ef') in 0.069150 seconds 
========================================================================
Received Import Request.
  Time since last request: 0.173374 seconds.
  path: Assets/PapFigurer/Textures/The_START.png
  artifactKey: Guid(76d5028120297114f88b6d9243797bb8) Importer(815301076,1909f56bfc062723c751e8b465ee728b)
Start importing Assets/PapFigurer/Textures/The_START.png using Guid(76d5028120297114f88b6d9243797bb8) Importer(815301076,1909f56bfc062723c751e8b465ee728b)  -> (artifact id: '325616596835e1e4c88856d92c48f03c') in 0.040396 seconds 
========================================================================
Received Import Request.
  Time since last request: 0.313821 seconds.
  path: Assets/PapFigurer/Textures/Tree_1_white.png
  artifactKey: Guid(8fd12786c448e474f93dd1197596a6e4) Importer(815301076,1909f56bfc062723c751e8b465ee728b)
Start importing Assets/PapFigurer/Textures/Tree_1_white.png using Guid(8fd12786c448e474f93dd1197596a6e4) Importer(815301076,1909f56bfc062723c751e8b465ee728b)  -> (artifact id: '9e1d7eeba472e2aff4433f17107db178') in 0.060298 seconds 
========================================================================
Received Import Request.
  Time since last request: 0.299847 seconds.
  path: Assets/PapFigurer/bedMute.fbx
  artifactKey: Guid(c03448cc4d6595445ac634a567b88fb0) Importer(815301076,1909f56bfc062723c751e8b465ee728b)
Start importing Assets/PapFigurer/bedMute.fbx using Guid(c03448cc4d6595445ac634a567b88fb0) Importer(815301076,1909f56bfc062723c751e8b465ee728b)  -> (artifact id: 'e7aaa2c771ae52f280fcb3332558e1c1') in 0.100049 seconds 
========================================================================
Received Import Request.
  Time since last request: 0.204818 seconds.
  path: Assets/PapFigurer/blenderMute.fbx
  artifactKey: Guid(cf4fc2b0e8e916b47b1e0a6cfd2b692c) Importer(815301076,1909f56bfc062723c751e8b465ee728b)
Start importing Assets/PapFigurer/blenderMute.fbx using Guid(cf4fc2b0e8e916b47b1e0a6cfd2b692c) Importer(815301076,1909f56bfc062723c751e8b465ee728b)  -> (artifact id: 'a56305c43f86fc8bb31046b21472d934') in 0.101687 seconds 
========================================================================
Received Import Request.
  Time since last request: 0.229464 seconds.
  path: Assets/PapFigurer/catMute.fbx
  artifactKey: Guid(4a4c0d8666d7a1647b3fbf26d5c45b36) Importer(815301076,1909f56bfc062723c751e8b465ee728b)
Start importing Assets/PapFigurer/catMute.fbx using Guid(4a4c0d8666d7a1647b3fbf26d5c45b36) Importer(815301076,1909f56bfc062723c751e8b465ee728b)  -> (artifact id: '22da47b9c7f6043640d0bdbfe257d5c1') in 0.099320 seconds 
========================================================================
Received Import Request.
  Time since last request: 0.200022 seconds.
  path: Assets/PapFigurer/catSound.fbx
  artifactKey: Guid(7a87cc272827a924589007c94feaa1b0) Importer(815301076,1909f56bfc062723c751e8b465ee728b)
Start importing Assets/PapFigurer/catSound.fbx using Guid(7a87cc272827a924589007c94feaa1b0) Importer(815301076,1909f56bfc062723c751e8b465ee728b)  -> (artifact id: 'cb2d92beea1de871cb93f81f02376095') in 0.100291 seconds 
========================================================================
Received Import Request.
  Time since last request: 0.236143 seconds.
  path: Assets/PapFigurer/cellphoneMute.fbx
  artifactKey: Guid(40babfb50bdf1ff409c6678d72dc4cb5) Importer(815301076,1909f56bfc062723c751e8b465ee728b)
Start importing Assets/PapFigurer/cellphoneMute.fbx using Guid(40babfb50bdf1ff409c6678d72dc4cb5) Importer(815301076,1909f56bfc062723c751e8b465ee728b)  -> (artifact id: '2a5aec7411ffd6a3dd677eea7434d500') in 0.105349 seconds 
========================================================================
Received Import Request.
  Time since last request: 0.096458 seconds.
  path: Assets/PapFigurer/cellphoneSound.fbx
  artifactKey: Guid(b94b36e08a974c344917e6467f8059e7) Importer(815301076,1909f56bfc062723c751e8b465ee728b)
Start importing Assets/PapFigurer/cellphoneSound.fbx using Guid(b94b36e08a974c344917e6467f8059e7) Importer(815301076,1909f56bfc062723c751e8b465ee728b)  -> (artifact id: '67d4eb1ba3814d53c4bfb1d4ca5e338b') in 0.104421 seconds 
========================================================================
Received Import Request.
  Time since last request: 0.058838 seconds.
  path: Assets/PapFigurer/chainsawMute.fbx
  artifactKey: Guid(703517aa8bcd041459e01ff58d37e67b) Importer(815301076,1909f56bfc062723c751e8b465ee728b)
Start importing Assets/PapFigurer/chainsawMute.fbx using Guid(703517aa8bcd041459e01ff58d37e67b) Importer(815301076,1909f56bfc062723c751e8b465ee728b)  -> (artifact id: 'bd50aeb63de957972634293f412a0516') in 0.499790 seconds 
========================================================================
Received Import Request.
  Time since last request: 0.000437 seconds.
  path: Assets/PapFigurer/chainsawSound.fbx
  artifactKey: Guid(a890b9e0910db5049ae4ea493663f904) Importer(815301076,1909f56bfc062723c751e8b465ee728b)
Start importing Assets/PapFigurer/chainsawSound.fbx using Guid(a890b9e0910db5049ae4ea493663f904) Importer(815301076,1909f56bfc062723c751e8b465ee728b)  -> (artifact id: '30c0a2f6ac2e6746c331185fc85ad3ba') in 0.093708 seconds 
========================================================================
Received Import Request.
  Time since last request: 8.034936 seconds.
  path: Assets/Resources
  artifactKey: Guid(d49ec2e8f06f4874e94b663e110abddf) Importer(815301076,1909f56bfc062723c751e8b465ee728b)
Start importing Assets/Resources using Guid(d49ec2e8f06f4874e94b663e110abddf) Importer(815301076,1909f56bfc062723c751e8b465ee728b)  -> (artifact id: 'a3272650ae594f322deabf829e6a1b83') in 0.010829 seconds 
========================================================================
Received Import Request.
  Time since last request: 0.682064 seconds.
  path: Assets/Resources/OculusPlatformSettings.asset
  artifactKey: Guid(778bafd9fab4edd409800db26ee33e1c) Importer(815301076,1909f56bfc062723c751e8b465ee728b)
Start importing Assets/Resources/OculusPlatformSettings.asset using Guid(778bafd9fab4edd409800db26ee33e1c) Importer(815301076,1909f56bfc062723c751e8b465ee728b)  -> (artifact id: 'eeeac7a2475f25dbed54ab6bd2e9ec1c') in 0.028896 seconds 
========================================================================
Received Import Request.
  Time since last request: 0.902073 seconds.
  path: Assets/Prefabs
  artifactKey: Guid(c701f13e9d55f1f4a8abd630b8b5e2b4) Importer(815301076,1909f56bfc062723c751e8b465ee728b)
Start importing Assets/Prefabs using Guid(c701f13e9d55f1f4a8abd630b8b5e2b4) Importer(815301076,1909f56bfc062723c751e8b465ee728b)  -> (artifact id: 'fe6afc73bc4da15c8ece41096e23f839') in 0.010295 seconds 
========================================================================
Received Prepare
Registering precompiled user dll's ...
Registered in 0.896164 seconds.
Begin MonoManager ReloadAssembly
Native extension for WindowsStandalone target not found
Refreshing native plugins compatible for Editor in 1.52 ms, found 5 plugins.
Preloading 1 native plugins for Editor in 0.14 ms.
Warning: Annotation not found!
UnityEngine.StackTraceUtility:ExtractStackTrace ()
UnityEditor.ProBuilder.EditorUtility:SetGizmoIconEnabled (System.Type,bool) (at Library/PackageCache/com.unity.probuilder@5.0.3/Editor/EditorCore/EditorUtility.cs:575)
UnityEditor.ProBuilder.HierarchyListener:.cctor () (at Library/PackageCache/com.unity.probuilder@5.0.3/Editor/EditorCore/HierarchyListener.cs:21)
System.Runtime.CompilerServices.RuntimeHelpers:RunClassConstructor (System.RuntimeTypeHandle)
UnityEditor.EditorAssemblies:ProcessInitializeOnLoadAttributes (System.Type[])

[Library/PackageCache/com.unity.probuilder@5.0.3/Editor/EditorCore/EditorUtility.cs line 575]

Mono: successfully reloaded assembly
- Completed reload, in  4.613 seconds
Platform modules already initialized, skipping
Switching build target platform(19) subTarget(0) extendedPlatform(0) -> platform(13) subTarget(524288) extendedPlatform(0)
Shader 'Universal Render Pipeline/Particles/Lit': fallback shader 'Universal Render Pipeline/Particles/SimpleLit' not found
Shader 'Oculus/OVRMRCameraFrameLit': fallback shader 'Alpha-Diffuse' not found
Refreshing native plugins compatible for Editor in 1.23 ms, found 5 plugins.
Preloading 1 native plugins for Editor in 0.09 ms.
Unloading 4911 Unused Serialized files (Serialized files now loaded: 0)
System memory in use before: 329.2 MB.
System memory in use after: 327.8 MB.

Unloading 57 unused Assets to reduce memory usage. Loaded Objects now: 6213.
Total: 5.440400 ms (FindLiveObjects: 0.493900 ms CreateObjectMapping: 0.474000 ms MarkObjects: 3.452100 ms  DeleteObjects: 0.997300 ms)

AssetImportParameters requested are different than current active one (requested -> active):
  custom:graphics/normal-map-encoding: 01000000000000000000000000000000 -> 02000000000000000000000000000000
========================================================================
Received Prepare
Registering precompiled user dll's ...
Registered in 0.007487 seconds.
Begin MonoManager ReloadAssembly
Native extension for WindowsStandalone target not found
Refreshing native plugins compatible for Editor in 1.30 ms, found 5 plugins.
Preloading 1 native plugins for Editor in 0.11 ms.
Warning: Annotation not found!
UnityEngine.StackTraceUtility:ExtractStackTrace ()
UnityEditor.ProBuilder.EditorUtility:SetGizmoIconEnabled (System.Type,bool) (at Library/PackageCache/com.unity.probuilder@5.0.3/Editor/EditorCore/EditorUtility.cs:575)
UnityEditor.ProBuilder.HierarchyListener:.cctor () (at Library/PackageCache/com.unity.probuilder@5.0.3/Editor/EditorCore/HierarchyListener.cs:21)
System.Runtime.CompilerServices.RuntimeHelpers:RunClassConstructor (System.RuntimeTypeHandle)
UnityEditor.EditorAssemblies:ProcessInitializeOnLoadAttributes (System.Type[])

[Library/PackageCache/com.unity.probuilder@5.0.3/Editor/EditorCore/EditorUtility.cs line 575]

Mono: successfully reloaded assembly
- Completed reload, in  1.622 seconds
Platform modules already initialized, skipping
Switching build target platform(19) subTarget(0) extendedPlatform(0) -> platform(13) subTarget(524288) extendedPlatform(0)
Shader 'Universal Render Pipeline/Particles/Lit': fallback shader 'Universal Render Pipeline/Particles/SimpleLit' not found
Shader 'Oculus/OVRMRCameraFrameLit': fallback shader 'Alpha-Diffuse' not found
Refreshing native plugins compatible for Editor in 1.57 ms, found 5 plugins.
Preloading 1 native plugins for Editor in 0.10 ms.
Unloading 4867 Unused Serialized files (Serialized files now loaded: 0)
System memory in use before: 327.9 MB.
System memory in use after: 326.6 MB.

Unloading 57 unused Assets to reduce memory usage. Loaded Objects now: 6217.
Total: 6.056900 ms (FindLiveObjects: 1.015300 ms CreateObjectMapping: 0.521800 ms MarkObjects: 3.388300 ms  DeleteObjects: 1.130300 ms)

AssetImportParameters requested are different than current active one (requested -> active):
  custom:graphics/normal-map-encoding: 01000000000000000000000000000000 -> 02000000000000000000000000000000
========================================================================
Received Prepare
Registering precompiled user dll's ...
Registered in 0.007414 seconds.
Begin MonoManager ReloadAssembly
Native extension for WindowsStandalone target not found
Refreshing native plugins compatible for Editor in 1.27 ms, found 5 plugins.
Preloading 1 native plugins for Editor in 0.10 ms.
Warning: Annotation not found!
UnityEngine.StackTraceUtility:ExtractStackTrace ()
UnityEditor.ProBuilder.EditorUtility:SetGizmoIconEnabled (System.Type,bool) (at Library/PackageCache/com.unity.probuilder@5.0.3/Editor/EditorCore/EditorUtility.cs:575)
UnityEditor.ProBuilder.HierarchyListener:.cctor () (at Library/PackageCache/com.unity.probuilder@5.0.3/Editor/EditorCore/HierarchyListener.cs:21)
System.Runtime.CompilerServices.RuntimeHelpers:RunClassConstructor (System.RuntimeTypeHandle)
UnityEditor.EditorAssemblies:ProcessInitializeOnLoadAttributes (System.Type[])

[Library/PackageCache/com.unity.probuilder@5.0.3/Editor/EditorCore/EditorUtility.cs line 575]

Mono: successfully reloaded assembly
- Completed reload, in  1.510 seconds
Platform modules already initialized, skipping
Switching build target platform(19) subTarget(0) extendedPlatform(0) -> platform(13) subTarget(524288) extendedPlatform(0)
Shader 'Universal Render Pipeline/Particles/Lit': fallback shader 'Universal Render Pipeline/Particles/SimpleLit' not found
Shader 'Oculus/OVRMRCameraFrameLit': fallback shader 'Alpha-Diffuse' not found
Refreshing native plugins compatible for Editor in 1.37 ms, found 5 plugins.
Preloading 1 native plugins for Editor in 0.09 ms.
Unloading 4867 Unused Serialized files (Serialized files now loaded: 0)
System memory in use before: 327.8 MB.
System memory in use after: 326.5 MB.

Unloading 57 unused Assets to reduce memory usage. Loaded Objects now: 6221.
Total: 5.711900 ms (FindLiveObjects: 0.465100 ms CreateObjectMapping: 0.318600 ms MarkObjects: 3.893100 ms  DeleteObjects: 1.033900 ms)

AssetImportParameters requested are different than current active one (requested -> active):
  custom:graphics/normal-map-encoding: 01000000000000000000000000000000 -> 02000000000000000000000000000000
AssetImportWorkerClient::OnTransportError - code=2 error=End of file
